<?xml version="1.0" encoding="UTF-8"?>
<!-- Generated by org.testng.reporters.JUnitReportReporter -->
<testsuite hostname="LM0001778" failures="0" tests="3" name="com.qa.freeCRM.TestCases.CartPageTest" time="79.847" errors="0" timestamp="2021-12-26T22:55:01 IST" skipped="1">
  <testcase classname="com.qa.freeCRM.TestCases.CartPageTest" name="cartItemPresentCheck" time="15.401"/>
  <system-out/>
  <testcase classname="com.qa.freeCRM.TestCases.CartPageTest" name="cartItemPresentCheck" time="46.825">
    <skipped/>
  </testcase> <!-- cartItemPresentCheck -->
  <system-out/>
  <testcase classname="com.qa.freeCRM.TestCases.CartPageTest" name="removeitemTest" time="17.621"/>
  <system-out/>
</testsuite> <!-- com.qa.freeCRM.TestCases.CartPageTest -->
