<?xml version="1.0" encoding="UTF-8"?>
<!-- Generated by org.testng.reporters.JUnitReportReporter -->
<testsuite hostname="LM0001778" failures="0" tests="1" name="com.qa.freeCRM.base.TestBase" time="111.593" errors="0" timestamp="2021-12-23T19:23:41 IST" skipped="0">
  <testcase classname="com.qa.freeCRM.base.TestBase" name="initialization" time="111.593"/>
  <system-out/>
</testsuite> <!-- com.qa.freeCRM.base.TestBase -->
