<?xml version="1.0" encoding="UTF-8"?>
<!-- Generated by org.testng.reporters.JUnitReportReporter -->
<testsuite hostname="LM0001778" failures="0" tests="1" name="TestDiv.TestDiv" time="0.000" errors="0" timestamp="2021-07-30T16:09:24 IST" skipped="0">
  <testcase classname="TestDiv.TestDiv" name="printOne" time="0.000"/>
  <system-out/>
</testsuite> <!-- TestDiv.TestDiv -->
